# JRE version: OpenJDK Runtime Environment (11.0.12+7) (build 11.0.12+7-b1504.28-7817840)
# Java VM: OpenJDK 64-Bit Server VM (11.0.12+7-b1504.28-7817840, mixed mode, tiered, compressed oops, g1 gc, windows-amd64)
Heap:
 garbage-first heap   total 346112K, used 165499K [0x0000000080000000, 0x0000000100000000)
  region size 1024K, 5 young (5120K), 5 survivors (5120K)
 Metaspace       used 137266K, capacity 141378K, committed 141440K, reserved 1171456K
  class space    used 17288K, capacity 18785K, committed 18816K, reserved 1048576K
GC Heap History (20 events):
Event: 916.742 GC heap after
{Heap after GC invocations=69 (full 0):
 garbage-first heap   total 239616K, used 154330K [0x0000000080000000, 0x0000000100000000)
  region size 1024K, 2 young (2048K), 2 survivors (2048K)
 Metaspace       used 114444K, capacity 117704K, committed 118016K, reserved 1150976K
  class space    used 14386K, capacity 15515K, committed 15616K, reserved 1048576K
}
Event: 918.169 GC heap before
{Heap before GC invocations=69 (full 0):
 garbage-first heap   total 239616K, used 183002K [0x0000000080000000, 0x0000000100000000)
  region size 1024K, 31 young (31744K), 2 survivors (2048K)
 Metaspace       used 116140K, capacity 119471K, committed 119680K, reserved 1153024K
  class space    used 14497K, capacity 15646K, committed 15744K, reserved 1048576K
}
Event: 918.192 GC heap after
{Heap after GC invocations=70 (full 0):
 garbage-first heap   total 239616K, used 159841K [0x0000000080000000, 0x0000000100000000)
  region size 1024K, 4 young (4096K), 4 survivors (4096K)
 Metaspace       used 116140K, capacity 119471K, committed 119680K, reserved 1153024K
  class space    used 14497K, capacity 15646K, committed 15744K, reserved 1048576K
}
Event: 918.835 GC heap before
{Heap before GC invocations=71 (full 0):
 garbage-first heap   total 239616K, used 185441K [0x0000000080000000, 0x0000000100000000)
  region size 1024K, 32 young (32768K), 4 survivors (4096K)
 Metaspace       used 118215K, capacity 121551K, committed 121856K, reserved 1155072K
  class space    used 14669K, capacity 15806K, committed 15872K, reserved 1048576K
}
Event: 918.850 GC heap after
{Heap after GC invocations=72 (full 0):
 garbage-first heap   total 239616K, used 162231K [0x0000000080000000, 0x0000000100000000)
  region size 1024K, 4 young (4096K), 4 survivors (4096K)
 Metaspace       used 118215K, capacity 121551K, committed 121856K, reserved 1155072K
  class space    used 14669K, capacity 15806K, committed 15872K, reserved 1048576K
}
Event: 918.906 GC heap before
{Heap before GC invocations=72 (full 0):
 garbage-first heap   total 239616K, used 169399K [0x0000000080000000, 0x0000000100000000)
  region size 1024K, 11 young (11264K), 4 survivors (4096K)
 Metaspace       used 118437K, capacity 121775K, committed 121856K, reserved 1155072K
  class space    used 14687K, capacity 15838K, committed 15872K, reserved 1048576K
}
Event: 918.925 GC heap after
{Heap after GC invocations=73 (full 0):
 garbage-first heap   total 239616K, used 144217K [0x0000000080000000, 0x0000000100000000)
  region size 1024K, 2 young (2048K), 2 survivors (2048K)
 Metaspace       used 118437K, capacity 121775K, committed 121856K, reserved 1155072K
  class space    used 14687K, capacity 15838K, committed 15872K, reserved 1048576K
}
Event: 918.955 GC heap before
{Heap before GC invocations=73 (full 0):
 garbage-first heap   total 239616K, used 153433K [0x0000000080000000, 0x0000000100000000)
  region size 1024K, 11 young (11264K), 2 survivors (2048K)
 Metaspace       used 118525K, capacity 121839K, committed 122112K, reserved 1155072K
  class space    used 14693K, capacity 15838K, committed 15872K, reserved 1048576K
}
Event: 918.968 GC heap after
{Heap after GC invocations=74 (full 0):
 garbage-first heap   total 239616K, used 145741K [0x0000000080000000, 0x0000000100000000)
  region size 1024K, 2 young (2048K), 2 survivors (2048K)
 Metaspace       used 118525K, capacity 121839K, committed 122112K, reserved 1155072K
  class space    used 14693K, capacity 15838K, committed 15872K, reserved 1048576K
}
Event: 919.439 GC heap before
{Heap before GC invocations=74 (full 0):
 garbage-first heap   total 239616K, used 180557K [0x0000000080000000, 0x0000000100000000)
  region size 1024K, 37 young (37888K), 2 survivors (2048K)
 Metaspace       used 119242K, capacity 122511K, committed 122624K, reserved 1157120K
  class space    used 14739K, capacity 15870K, committed 15872K, reserved 1048576K
}
Event: 919.452 GC heap after
{Heap after GC invocations=75 (full 0):
 garbage-first heap   total 287744K, used 147891K [0x0000000080000000, 0x0000000100000000)
  region size 1024K, 5 young (5120K), 5 survivors (5120K)
 Metaspace       used 119242K, capacity 122511K, committed 122624K, reserved 1157120K
  class space    used 14739K, capacity 15870K, committed 15872K, reserved 1048576K
}
Event: 921.507 GC heap before
{Heap before GC invocations=75 (full 0):
 garbage-first heap   total 287744K, used 201139K [0x0000000080000000, 0x0000000100000000)
  region size 1024K, 58 young (59392K), 5 survivors (5120K)
 Metaspace       used 122182K, capacity 125521K, committed 125696K, reserved 1159168K
  class space    used 15109K, capacity 16272K, committed 16384K, reserved 1048576K
}
Event: 921.518 GC heap after
{Heap after GC invocations=76 (full 0):
 garbage-first heap   total 287744K, used 149166K [0x0000000080000000, 0x0000000100000000)
  region size 1024K, 6 young (6144K), 6 survivors (6144K)
 Metaspace       used 122182K, capacity 125521K, committed 125696K, reserved 1159168K
  class space    used 15109K, capacity 16272K, committed 16384K, reserved 1048576K
}
Event: 922.994 GC heap before
{Heap before GC invocations=76 (full 0):
 garbage-first heap   total 287744K, used 207534K [0x0000000080000000, 0x0000000100000000)
  region size 1024K, 64 young (65536K), 6 survivors (6144K)
 Metaspace       used 124594K, capacity 127900K, committed 128000K, reserved 1161216K
  class space    used 15380K, capacity 16543K, committed 16640K, reserved 1048576K
}
Event: 923.017 GC heap after
{Heap after GC invocations=77 (full 0):
 garbage-first heap   total 287744K, used 153003K [0x0000000080000000, 0x0000000100000000)
  region size 1024K, 8 young (8192K), 8 survivors (8192K)
 Metaspace       used 124594K, capacity 127900K, committed 128000K, reserved 1161216K
  class space    used 15380K, capacity 16543K, committed 16640K, reserved 1048576K
}
Event: 924.226 GC heap before
{Heap before GC invocations=77 (full 0):
 garbage-first heap   total 287744K, used 213419K [0x0000000080000000, 0x0000000100000000)
  region size 1024K, 68 young (69632K), 8 survivors (8192K)
 Metaspace       used 130522K, capacity 134081K, committed 134272K, reserved 1165312K
  class space    used 16231K, capacity 17502K, committed 17536K, reserved 1048576K
}
Event: 924.251 GC heap after
{Heap after GC invocations=78 (full 0):
 garbage-first heap   total 287744K, used 157445K [0x0000000080000000, 0x0000000100000000)
  region size 1024K, 9 young (9216K), 9 survivors (9216K)
 Metaspace       used 130522K, capacity 134081K, committed 134272K, reserved 1165312K
  class space    used 16231K, capacity 17502K, committed 17536K, reserved 1048576K
}
Event: 925.155 GC heap before
{Heap before GC invocations=78 (full 0):
 garbage-first heap   total 287744K, used 218885K [0x0000000080000000, 0x0000000100000000)
  region size 1024K, 70 young (71680K), 9 survivors (9216K)
 Metaspace       used 136522K, capacity 140621K, committed 140928K, reserved 1171456K
  class space    used 17233K, capacity 18734K, committed 18816K, reserved 1048576K
}
Event: 925.180 GC heap after
{Heap after GC invocations=79 (full 0):
 garbage-first heap   total 287744K, used 162690K [0x0000000080000000, 0x0000000100000000)
  region size 1024K, 9 young (9216K), 9 survivors (9216K)
 Metaspace       used 136522K, capacity 140621K, committed 140928K, reserved 1171456K
  class space    used 17233K, capacity 18734K, committed 18816K, reserved 1048576K
}
Event: 925.742 GC heap before
{Heap before GC invocations=79 (full 0):
 garbage-first heap   total 287744K, used 226178K [0x0000000080000000, 0x0000000100000000)
  region size 1024K, 71 young (72704K), 9 survivors (9216K)
 Metaspace       used 137266K, capacity 141378K, committed 141440K, reserved 1171456K
  class space    used 17288K, capacity 18785K, committed 18816K, reserved 1048576K
}

