# JRE version: OpenJDK Runtime Environment (11.0.12+7) (build 11.0.12+7-b1504.28-7817840)
# Java VM: OpenJDK 64-Bit Server VM (11.0.12+7-b1504.28-7817840, mixed mode, tiered, compressed oops, g1 gc, windows-amd64)
Heap:
 garbage-first heap   total 199680K, used 153938K [0x0000000080000000, 0x0000000100000000)
  region size 1024K, 65 young (66560K), 2 survivors (2048K)
 Metaspace       used 100239K, capacity 102825K, committed 103032K, reserved 1138688K
  class space    used 13072K, capacity 14075K, committed 14080K, reserved 1048576K
GC Heap History (20 events):
Event: 16.489 GC heap before
{Heap before GC invocations=23 (full 0):
 garbage-first heap   total 138240K, used 100791K [0x0000000080000000, 0x0000000100000000)
  region size 1024K, 50 young (51200K), 6 survivors (6144K)
 Metaspace       used 71953K, capacity 73647K, committed 73804K, reserved 1114112K
  class space    used 9392K, capacity 10021K, committed 10112K, reserved 1048576K
}
Event: 16.504 GC heap after
{Heap after GC invocations=24 (full 0):
 garbage-first heap   total 138240K, used 58829K [0x0000000080000000, 0x0000000100000000)
  region size 1024K, 7 young (7168K), 7 survivors (7168K)
 Metaspace       used 71953K, capacity 73647K, committed 73804K, reserved 1114112K
  class space    used 9392K, capacity 10021K, committed 10112K, reserved 1048576K
}
Event: 17.361 GC heap before
{Heap before GC invocations=24 (full 0):
 garbage-first heap   total 138240K, used 104909K [0x0000000080000000, 0x0000000100000000)
  region size 1024K, 52 young (53248K), 7 survivors (7168K)
 Metaspace       used 77081K, capacity 78886K, committed 79180K, reserved 1118208K
  class space    used 10125K, capacity 10786K, committed 10880K, reserved 1048576K
}
Event: 17.382 GC heap after
{Heap after GC invocations=25 (full 0):
 garbage-first heap   total 138240K, used 61125K [0x0000000080000000, 0x0000000100000000)
  region size 1024K, 6 young (6144K), 6 survivors (6144K)
 Metaspace       used 77081K, capacity 78886K, committed 79180K, reserved 1118208K
  class space    used 10125K, capacity 10786K, committed 10880K, reserved 1048576K
}
Event: 18.578 GC heap before
{Heap before GC invocations=25 (full 0):
 garbage-first heap   total 138240K, used 107205K [0x0000000080000000, 0x0000000100000000)
  region size 1024K, 51 young (52224K), 6 survivors (6144K)
 Metaspace       used 80664K, capacity 82683K, committed 82764K, reserved 1120256K
  class space    used 10648K, capacity 11365K, committed 11392K, reserved 1048576K
}
Event: 18.602 GC heap after
{Heap after GC invocations=26 (full 0):
 garbage-first heap   total 165888K, used 64659K [0x0000000080000000, 0x0000000100000000)
  region size 1024K, 6 young (6144K), 6 survivors (6144K)
 Metaspace       used 80664K, capacity 82683K, committed 82764K, reserved 1120256K
  class space    used 10648K, capacity 11365K, committed 11392K, reserved 1048576K
}
Event: 20.572 GC heap before
{Heap before GC invocations=26 (full 0):
 garbage-first heap   total 165888K, used 126099K [0x0000000080000000, 0x0000000100000000)
  region size 1024K, 67 young (68608K), 6 survivors (6144K)
 Metaspace       used 81636K, capacity 83702K, committed 84044K, reserved 1122304K
  class space    used 10731K, capacity 11537K, committed 11648K, reserved 1048576K
}
Event: 20.596 GC heap after
{Heap after GC invocations=27 (full 0):
 garbage-first heap   total 165888K, used 69087K [0x0000000080000000, 0x0000000100000000)
  region size 1024K, 8 young (8192K), 8 survivors (8192K)
 Metaspace       used 81636K, capacity 83702K, committed 84044K, reserved 1122304K
  class space    used 10731K, capacity 11537K, committed 11648K, reserved 1048576K
}
Event: 22.231 GC heap before
{Heap before GC invocations=27 (full 0):
 garbage-first heap   total 165888K, used 128479K [0x0000000080000000, 0x0000000100000000)
  region size 1024K, 67 young (68608K), 8 survivors (8192K)
 Metaspace       used 86137K, capacity 88296K, committed 88396K, reserved 1126400K
  class space    used 11261K, capacity 12066K, committed 12160K, reserved 1048576K
}
Event: 22.251 GC heap after
{Heap after GC invocations=28 (full 0):
 garbage-first heap   total 165888K, used 72513K [0x0000000080000000, 0x0000000100000000)
  region size 1024K, 8 young (8192K), 8 survivors (8192K)
 Metaspace       used 86137K, capacity 88296K, committed 88396K, reserved 1126400K
  class space    used 11261K, capacity 12066K, committed 12160K, reserved 1048576K
}
Event: 23.587 GC heap before
{Heap before GC invocations=28 (full 0):
 garbage-first heap   total 165888K, used 130881K [0x0000000080000000, 0x0000000100000000)
  region size 1024K, 66 young (67584K), 8 survivors (8192K)
 Metaspace       used 88439K, capacity 90577K, committed 90700K, reserved 1128448K
  class space    used 11513K, capacity 12316K, committed 12416K, reserved 1048576K
}
Event: 23.629 GC heap after
{Heap after GC invocations=29 (full 0):
 garbage-first heap   total 165888K, used 78443K [0x0000000080000000, 0x0000000100000000)
  region size 1024K, 9 young (9216K), 9 survivors (9216K)
 Metaspace       used 88439K, capacity 90577K, committed 90700K, reserved 1128448K
  class space    used 11513K, capacity 12316K, committed 12416K, reserved 1048576K
}
Event: 24.591 GC heap before
{Heap before GC invocations=29 (full 0):
 garbage-first heap   total 165888K, used 132715K [0x0000000080000000, 0x0000000100000000)
  region size 1024K, 63 young (64512K), 9 survivors (9216K)
 Metaspace       used 93564K, capacity 95932K, committed 96076K, reserved 1132544K
  class space    used 12205K, capacity 13109K, committed 13184K, reserved 1048576K
}
Event: 24.636 GC heap after
{Heap after GC invocations=30 (full 0):
 garbage-first heap   total 199680K, used 84357K [0x0000000080000000, 0x0000000100000000)
  region size 1024K, 8 young (8192K), 8 survivors (8192K)
 Metaspace       used 93564K, capacity 95932K, committed 96076K, reserved 1132544K
  class space    used 12205K, capacity 13109K, committed 13184K, reserved 1048576K
}
Event: 26.080 GC heap before
{Heap before GC invocations=30 (full 0):
 garbage-first heap   total 199680K, used 149893K [0x0000000080000000, 0x0000000100000000)
  region size 1024K, 73 young (74752K), 8 survivors (8192K)
 Metaspace       used 98133K, capacity 100666K, committed 100940K, reserved 1136640K
  class space    used 12891K, capacity 13867K, committed 13952K, reserved 1048576K
}
Event: 26.105 GC heap after
{Heap after GC invocations=31 (full 0):
 garbage-first heap   total 199680K, used 89450K [0x0000000080000000, 0x0000000100000000)
  region size 1024K, 6 young (6144K), 6 survivors (6144K)
 Metaspace       used 98133K, capacity 100666K, committed 100940K, reserved 1136640K
  class space    used 12891K, capacity 13867K, committed 13952K, reserved 1048576K
}
Event: 26.141 GC heap before
{Heap before GC invocations=31 (full 0):
 garbage-first heap   total 199680K, used 92522K [0x0000000080000000, 0x0000000100000000)
  region size 1024K, 10 young (10240K), 6 survivors (6144K)
 Metaspace       used 98310K, capacity 100830K, committed 100940K, reserved 1136640K
  class space    used 12907K, capacity 13899K, committed 13952K, reserved 1048576K
}
Event: 26.155 GC heap after
{Heap after GC invocations=32 (full 0):
 garbage-first heap   total 199680K, used 90060K [0x0000000080000000, 0x0000000100000000)
  region size 1024K, 1 young (1024K), 1 survivors (1024K)
 Metaspace       used 98310K, capacity 100830K, committed 100940K, reserved 1136640K
  class space    used 12907K, capacity 13899K, committed 13952K, reserved 1048576K
}
Event: 27.101 GC heap before
{Heap before GC invocations=33 (full 0):
 garbage-first heap   total 199680K, used 156620K [0x0000000080000000, 0x0000000100000000)
  region size 1024K, 66 young (67584K), 1 survivors (1024K)
 Metaspace       used 98624K, capacity 101074K, committed 101624K, reserved 1136640K
  class space    used 12872K, capacity 13793K, committed 13952K, reserved 1048576K
}
Event: 27.107 GC heap after
{Heap after GC invocations=34 (full 0):
 garbage-first heap   total 199680K, used 90450K [0x0000000080000000, 0x0000000100000000)
  region size 1024K, 2 young (2048K), 2 survivors (2048K)
 Metaspace       used 98624K, capacity 101074K, committed 101624K, reserved 1136640K
  class space    used 12872K, capacity 13793K, committed 13952K, reserved 1048576K
}

